tasks[1]={"userPhoneType":"","userActive":"","tHeader":"","tURL":"","tDateTime":"","tPriv":0,"statu":{"audit":"info","icon":"icon-info-sign"},"region":"省公司","tOperator":"zhoumj","_id":"1"};
tasks[1]._id=1;
users['admin'].taskLists.push(1);
tasks[2]={"userPhoneType":"","userActive":"","tHeader":"","tURL":"","tDateTime":"","tPriv":0,"statu":{"audit":"info","icon":"icon-info-sign"},"region":"省公司","tOperator":"zhoumj","_id":"2"};
tasks[2]._id=2;
users['admin'].taskLists.push(2);
tasks[3]={"userPhoneType":"","userActive":"","tHeader":"","tURL":"","tDateTime":"","tPriv":0,"statu":{"audit":"info","icon":"icon-info-sign"},"region":"省公司","tOperator":"zhoumj","_id":"3"};
tasks[3]._id=3;
users['admin'].taskLists.push(3);
tasks[4]={"userPhoneType":"","userActive":"","tHeader":"","tURL":"","tDateTime":"","tPriv":0,"statu":{"audit":"info","icon":"icon-info-sign"},"region":"省公司","tOperator":"zhoumj","_id":"4"};
tasks[4]._id=4;
users['admin'].taskLists.push(4);
tasks[1]={"userPhoneType":"","userActive":"","tHeader":"","tURL":"","tDateTime":"","tPriv":0,"statu":{"audit":"info","icon":"icon-info-sign"},"region":"省公司","tOperator":"zhoumj","_id":"1"};
tasks[1]._id=1;
users['admin'].taskLists.push(1);
tasks[2]={"userPhoneType":"","userActive":"","tHeader":"","tURL":"","tDateTime":"","tPriv":0,"statu":{"audit":"info","icon":"icon-info-sign"},"region":"省公司","tOperator":"zhoumj","_id":"2"};
tasks[2]._id=2;
users['admin'].taskLists.push(2);
tasks[3]={"userPhoneType":"","userActive":"","tHeader":"","tURL":"","tDateTime":"","tPriv":0,"statu":{"audit":"info","icon":"icon-info-sign"},"region":"省公司","tOperator":"zhoumj","_id":"3"};
tasks[3]._id=3;
users['admin'].taskLists.push(3);
tasks[4]={"userPhoneType":"","userActive":"","tHeader":"","tURL":"","tDateTime":"","tPriv":0,"statu":{"audit":"info","icon":"icon-info-sign"},"region":"省公司","tOperator":"zhoumj","_id":"4"};
tasks[4]._id=4;
users['admin'].taskLists.push(4);
tasks[5]={"userPhoneType":"Iphone","userActive":"","tHeader":"","tURL":"","tDateTime":"","tPriv":0,"statu":{"audit":"info","icon":"icon-info-sign"},"region":"省公司","tOperator":"zhoumj","_id":"5"};
tasks[5]._id=5;
users['admin'].taskLists.push(5);
tasks[1].statu={"audit":"success","icon":"icon-ok"};
tasks[4].statu={"audit":"success","icon":"icon-ok"};
tasks[3].statu={"audit":"error","icon":"icon-remove"};
tasks[5]={"userPhoneType":"Iphone","userActive":"","tHeader":"","tURL":"","tDateTime":"","tPriv":0,"statu":{"audit":"info","icon":"icon-info-sign"},"region":"省公司","tOperator":"zhoumj","_id":"5"};
tasks[5]._id=5;
users['admin'].taskLists.push(5);
